
<!DOCTYPE html>

<html xmlns="http://www.w3.org/1999/xhtml">
  <head>
    <meta charset="utf-8" />
    <title>Demo of Python failure reports with pytest &#8212; pytest documentation</title>
    <link rel="stylesheet" href="../_static/flasky.css" type="text/css" />
    <link rel="stylesheet" href="../_static/pygments.css" type="text/css" />
    <link rel="stylesheet" type="text/css" href="../_static/pygments_pytest.css" />
    <script type="text/javascript" id="documentation_options" data-url_root="../" src="../_static/documentation_options.js"></script>
    <script type="text/javascript" src="../_static/jquery.js"></script>
    <script type="text/javascript" src="../_static/underscore.js"></script>
    <script type="text/javascript" src="../_static/doctools.js"></script>
    <script type="text/javascript" src="../_static/language_data.js"></script>
    <link rel="shortcut icon" href="../_static/pytest1favi.ico"/>
    <link rel="search" title="Search" href="../search.html" />
    <link rel="next" title="Basic patterns and examples" href="simple.html" />
    <link rel="prev" title="Examples and customization tricks" href="index.html" />
   
  
  <meta name="viewport" content="width=device-width, initial-scale=0.9, maximum-scale=0.9">

  </head><body>
  
  
  


    <div class="related" role="navigation" aria-label="related navigation">
      <h3>Navigation</h3>
      <ul>
        <li class="right" style="margin-right: 10px">
          <a href="simple.html" title="Basic patterns and examples"
             accesskey="N">next</a></li>
        <li class="right" >
          <a href="index.html" title="Examples and customization tricks"
             accesskey="P">previous</a> |</li>
        <li class="nav-item nav-item-0"><a href="../contents.html">pytest-5.0</a> &#187;</li>
          <li class="nav-item nav-item-1"><a href="index.html" accesskey="U">Examples and customization tricks</a> &#187;</li> 
      </ul>
    </div>  

    <div class="document">
      <div class="documentwrapper">
        <div class="bodywrapper">
          <div class="body" role="main">
            
  <div class="section" id="demo-of-python-failure-reports-with-pytest">
<span id="tbreportdemo"></span><h1>Demo of Python failure reports with pytest<a class="headerlink" href="#demo-of-python-failure-reports-with-pytest" title="Permalink to this headline">¶</a></h1>
<p>Here is a nice run of several failures and how <code class="docutils literal notranslate"><span class="pre">pytest</span></code> presents things:</p>
<div class="highlight-pytest notranslate"><div class="highlight"><pre><span></span>assertion $ pytest failure_demo.py
<span class=" -Color -Color-Bold">=========================== test session starts ============================</span>
platform linux -- Python 3.x.y, pytest-5.x.y, py-1.x.y, pluggy-0.x.y
cachedir: $PYTHON_PREFIX/.pytest_cache
rootdir: $REGENDOC_TMPDIR/assertion
collected 44 items

failure_demo.py <span class=" -Color -Color-Red">FFFFFFFFFFFFFFFFFFFFFFFFFFFFFFFFFFFFFFFFFFFF</span>         <span class=" -Color -Color-Cyan">[100%]</span>

================================= FAILURES =================================
<span class=" -Color -Color-BoldRed">___________________________ test_generative[3-6] ___________________________</span>

param1 = 3, param2 = 6

<span class=" -Color -Color-Bold">    @pytest.mark.parametrize(&quot;param1, param2&quot;, [(3, 6)])</span>
<span class=" -Color -Color-Bold">    def test_generative(param1, param2):</span>
<span class=" -Color -Color-Bold">&gt;       assert param1 * 2 &lt; param2</span>
<span class=" -Color -Color-BoldRed">E       assert (3 * 2) &lt; 6</span>

<span class=" -Color -Color-BoldRed">failure_demo.py</span>:20: AssertionError
<span class=" -Color -Color-BoldRed">_________________________ TestFailing.test_simple __________________________</span>

self = &lt;failure_demo.TestFailing object at 0xdeadbeef&gt;

<span class=" -Color -Color-Bold">    def test_simple(self):</span>
<span class=" -Color -Color-Bold">        def f():</span>
<span class=" -Color -Color-Bold">            return 42</span>

<span class=" -Color -Color-Bold">        def g():</span>
<span class=" -Color -Color-Bold">            return 43</span>

<span class=" -Color -Color-Bold">&gt;       assert f() == g()</span>
<span class=" -Color -Color-BoldRed">E       assert 42 == 43</span>
<span class=" -Color -Color-BoldRed">E        +  where 42 = &lt;function TestFailing.test_simple.&lt;locals&gt;.f at 0xdeadbeef&gt;()</span>
<span class=" -Color -Color-BoldRed">E        +  and   43 = &lt;function TestFailing.test_simple.&lt;locals&gt;.g at 0xdeadbeef&gt;()</span>

<span class=" -Color -Color-BoldRed">failure_demo.py</span>:31: AssertionError
<span class=" -Color -Color-BoldRed">____________________ TestFailing.test_simple_multiline _____________________</span>

self = &lt;failure_demo.TestFailing object at 0xdeadbeef&gt;

<span class=" -Color -Color-Bold">    def test_simple_multiline(self):</span>
<span class=" -Color -Color-Bold">&gt;       otherfunc_multi(42, 6 * 9)</span>

<span class=" -Color -Color-BoldRed">failure_demo.py</span>:34:
<span class=" -Color -Color-BoldRed">_ _ _ _ _ _ _ _ _ _ _ _ _ _ _ _ _ _ _ _ _ _ _ _ _ _ _ _ _ _ _ _ _ _ _ _ _ _</span>

a = 42, b = 54

<span class=" -Color -Color-Bold">    def otherfunc_multi(a, b):</span>
<span class=" -Color -Color-Bold">&gt;       assert a == b</span>
<span class=" -Color -Color-BoldRed">E       assert 42 == 54</span>

<span class=" -Color -Color-BoldRed">failure_demo.py</span>:15: AssertionError
<span class=" -Color -Color-BoldRed">___________________________ TestFailing.test_not ___________________________</span>

self = &lt;failure_demo.TestFailing object at 0xdeadbeef&gt;

<span class=" -Color -Color-Bold">    def test_not(self):</span>
<span class=" -Color -Color-Bold">        def f():</span>
<span class=" -Color -Color-Bold">            return 42</span>

<span class=" -Color -Color-Bold">&gt;       assert not f()</span>
<span class=" -Color -Color-BoldRed">E       assert not 42</span>
<span class=" -Color -Color-BoldRed">E        +  where 42 = &lt;function TestFailing.test_not.&lt;locals&gt;.f at 0xdeadbeef&gt;()</span>

<span class=" -Color -Color-BoldRed">failure_demo.py</span>:40: AssertionError
<span class=" -Color -Color-BoldRed">_________________ TestSpecialisedExplanations.test_eq_text _________________</span>

self = &lt;failure_demo.TestSpecialisedExplanations object at 0xdeadbeef&gt;

<span class=" -Color -Color-Bold">    def test_eq_text(self):</span>
<span class=" -Color -Color-Bold">&gt;       assert &quot;spam&quot; == &quot;eggs&quot;</span>
<span class=" -Color -Color-BoldRed">E       AssertionError: assert &#39;spam&#39; == &#39;eggs&#39;</span>
<span class=" -Color -Color-BoldRed">E         - spam</span>
<span class=" -Color -Color-BoldRed">E         + eggs</span>

<span class=" -Color -Color-BoldRed">failure_demo.py</span>:45: AssertionError
<span class=" -Color -Color-BoldRed">_____________ TestSpecialisedExplanations.test_eq_similar_text _____________</span>

self = &lt;failure_demo.TestSpecialisedExplanations object at 0xdeadbeef&gt;

<span class=" -Color -Color-Bold">    def test_eq_similar_text(self):</span>
<span class=" -Color -Color-Bold">&gt;       assert &quot;foo 1 bar&quot; == &quot;foo 2 bar&quot;</span>
<span class=" -Color -Color-BoldRed">E       AssertionError: assert &#39;foo 1 bar&#39; == &#39;foo 2 bar&#39;</span>
<span class=" -Color -Color-BoldRed">E         - foo 1 bar</span>
<span class=" -Color -Color-BoldRed">E         ?     ^</span>
<span class=" -Color -Color-BoldRed">E         + foo 2 bar</span>
<span class=" -Color -Color-BoldRed">E         ?     ^</span>

<span class=" -Color -Color-BoldRed">failure_demo.py</span>:48: AssertionError
<span class=" -Color -Color-BoldRed">____________ TestSpecialisedExplanations.test_eq_multiline_text ____________</span>

self = &lt;failure_demo.TestSpecialisedExplanations object at 0xdeadbeef&gt;

<span class=" -Color -Color-Bold">    def test_eq_multiline_text(self):</span>
<span class=" -Color -Color-Bold">&gt;       assert &quot;foo\nspam\nbar&quot; == &quot;foo\neggs\nbar&quot;</span>
<span class=" -Color -Color-BoldRed">E       AssertionError: assert &#39;foo\nspam\nbar&#39; == &#39;foo\neggs\nbar&#39;</span>
<span class=" -Color -Color-BoldRed">E           foo</span>
<span class=" -Color -Color-BoldRed">E         - spam</span>
<span class=" -Color -Color-BoldRed">E         + eggs</span>
<span class=" -Color -Color-BoldRed">E           bar</span>

<span class=" -Color -Color-BoldRed">failure_demo.py</span>:51: AssertionError
<span class=" -Color -Color-BoldRed">______________ TestSpecialisedExplanations.test_eq_long_text _______________</span>

self = &lt;failure_demo.TestSpecialisedExplanations object at 0xdeadbeef&gt;

<span class=" -Color -Color-Bold">    def test_eq_long_text(self):</span>
<span class=" -Color -Color-Bold">        a = &quot;1&quot; * 100 + &quot;a&quot; + &quot;2&quot; * 100</span>
<span class=" -Color -Color-Bold">        b = &quot;1&quot; * 100 + &quot;b&quot; + &quot;2&quot; * 100</span>
<span class=" -Color -Color-Bold">&gt;       assert a == b</span>
<span class=" -Color -Color-BoldRed">E       AssertionError: assert &#39;111111111111...2222222222222&#39; == &#39;1111111111111...2222222222222&#39;</span>
<span class=" -Color -Color-BoldRed">E         Skipping 90 identical leading characters in diff, use -v to show</span>
<span class=" -Color -Color-BoldRed">E         Skipping 91 identical trailing characters in diff, use -v to show</span>
<span class=" -Color -Color-BoldRed">E         - 1111111111a222222222</span>
<span class=" -Color -Color-BoldRed">E         ?           ^</span>
<span class=" -Color -Color-BoldRed">E         + 1111111111b222222222</span>
<span class=" -Color -Color-BoldRed">E         ?           ^</span>

<span class=" -Color -Color-BoldRed">failure_demo.py</span>:56: AssertionError
<span class=" -Color -Color-BoldRed">_________ TestSpecialisedExplanations.test_eq_long_text_multiline __________</span>

self = &lt;failure_demo.TestSpecialisedExplanations object at 0xdeadbeef&gt;

<span class=" -Color -Color-Bold">    def test_eq_long_text_multiline(self):</span>
<span class=" -Color -Color-Bold">        a = &quot;1\n&quot; * 100 + &quot;a&quot; + &quot;2\n&quot; * 100</span>
<span class=" -Color -Color-Bold">        b = &quot;1\n&quot; * 100 + &quot;b&quot; + &quot;2\n&quot; * 100</span>
<span class=" -Color -Color-Bold">&gt;       assert a == b</span>
<span class=" -Color -Color-BoldRed">E       AssertionError: assert &#39;1\n1\n1\n1\n...n2\n2\n2\n2\n&#39; == &#39;1\n1\n1\n1\n1...n2\n2\n2\n2\n&#39;</span>
<span class=" -Color -Color-BoldRed">E         Skipping 190 identical leading characters in diff, use -v to show</span>
<span class=" -Color -Color-BoldRed">E         Skipping 191 identical trailing characters in diff, use -v to show</span>
<span class=" -Color -Color-BoldRed">E           1</span>
<span class=" -Color -Color-BoldRed">E           1</span>
<span class=" -Color -Color-BoldRed">E           1</span>
<span class=" -Color -Color-BoldRed">E           1</span>
<span class=" -Color -Color-BoldRed">E           1...</span>
E
<span class=" -Color -Color-BoldRed">E         ...Full output truncated (7 lines hidden), use &#39;-vv&#39; to show</span>

<span class=" -Color -Color-BoldRed">failure_demo.py</span>:61: AssertionError
<span class=" -Color -Color-BoldRed">_________________ TestSpecialisedExplanations.test_eq_list _________________</span>

self = &lt;failure_demo.TestSpecialisedExplanations object at 0xdeadbeef&gt;

<span class=" -Color -Color-Bold">    def test_eq_list(self):</span>
<span class=" -Color -Color-Bold">&gt;       assert [0, 1, 2] == [0, 1, 3]</span>
<span class=" -Color -Color-BoldRed">E       assert [0, 1, 2] == [0, 1, 3]</span>
<span class=" -Color -Color-BoldRed">E         At index 2 diff: 2 != 3</span>
<span class=" -Color -Color-BoldRed">E         Use -v to get the full diff</span>

<span class=" -Color -Color-BoldRed">failure_demo.py</span>:64: AssertionError
<span class=" -Color -Color-BoldRed">______________ TestSpecialisedExplanations.test_eq_list_long _______________</span>

self = &lt;failure_demo.TestSpecialisedExplanations object at 0xdeadbeef&gt;

<span class=" -Color -Color-Bold">    def test_eq_list_long(self):</span>
<span class=" -Color -Color-Bold">        a = [0] * 100 + [1] + [3] * 100</span>
<span class=" -Color -Color-Bold">        b = [0] * 100 + [2] + [3] * 100</span>
<span class=" -Color -Color-Bold">&gt;       assert a == b</span>
<span class=" -Color -Color-BoldRed">E       assert [0, 0, 0, 0, 0, 0, ...] == [0, 0, 0, 0, 0, 0, ...]</span>
<span class=" -Color -Color-BoldRed">E         At index 100 diff: 1 != 2</span>
<span class=" -Color -Color-BoldRed">E         Use -v to get the full diff</span>

<span class=" -Color -Color-BoldRed">failure_demo.py</span>:69: AssertionError
<span class=" -Color -Color-BoldRed">_________________ TestSpecialisedExplanations.test_eq_dict _________________</span>

self = &lt;failure_demo.TestSpecialisedExplanations object at 0xdeadbeef&gt;

<span class=" -Color -Color-Bold">    def test_eq_dict(self):</span>
<span class=" -Color -Color-Bold">&gt;       assert {&quot;a&quot;: 0, &quot;b&quot;: 1, &quot;c&quot;: 0} == {&quot;a&quot;: 0, &quot;b&quot;: 2, &quot;d&quot;: 0}</span>
<span class=" -Color -Color-BoldRed">E       AssertionError: assert {&#39;a&#39;: 0, &#39;b&#39;: 1, &#39;c&#39;: 0} == {&#39;a&#39;: 0, &#39;b&#39;: 2, &#39;d&#39;: 0}</span>
<span class=" -Color -Color-BoldRed">E         Omitting 1 identical items, use -vv to show</span>
<span class=" -Color -Color-BoldRed">E         Differing items:</span>
<span class=" -Color -Color-BoldRed">E         {&#39;b&#39;: 1} != {&#39;b&#39;: 2}</span>
<span class=" -Color -Color-BoldRed">E         Left contains 1 more item:</span>
<span class=" -Color -Color-BoldRed">E         {&#39;c&#39;: 0}</span>
<span class=" -Color -Color-BoldRed">E         Right contains 1 more item:</span>
<span class=" -Color -Color-BoldRed">E         {&#39;d&#39;: 0}...</span>
E
<span class=" -Color -Color-BoldRed">E         ...Full output truncated (2 lines hidden), use &#39;-vv&#39; to show</span>

<span class=" -Color -Color-BoldRed">failure_demo.py</span>:72: AssertionError
<span class=" -Color -Color-BoldRed">_________________ TestSpecialisedExplanations.test_eq_set __________________</span>

self = &lt;failure_demo.TestSpecialisedExplanations object at 0xdeadbeef&gt;

<span class=" -Color -Color-Bold">    def test_eq_set(self):</span>
<span class=" -Color -Color-Bold">&gt;       assert {0, 10, 11, 12} == {0, 20, 21}</span>
<span class=" -Color -Color-BoldRed">E       AssertionError: assert {0, 10, 11, 12} == {0, 20, 21}</span>
<span class=" -Color -Color-BoldRed">E         Extra items in the left set:</span>
<span class=" -Color -Color-BoldRed">E         10</span>
<span class=" -Color -Color-BoldRed">E         11</span>
<span class=" -Color -Color-BoldRed">E         12</span>
<span class=" -Color -Color-BoldRed">E         Extra items in the right set:</span>
<span class=" -Color -Color-BoldRed">E         20</span>
<span class=" -Color -Color-BoldRed">E         21...</span>
E
<span class=" -Color -Color-BoldRed">E         ...Full output truncated (2 lines hidden), use &#39;-vv&#39; to show</span>

<span class=" -Color -Color-BoldRed">failure_demo.py</span>:75: AssertionError
<span class=" -Color -Color-BoldRed">_____________ TestSpecialisedExplanations.test_eq_longer_list ______________</span>

self = &lt;failure_demo.TestSpecialisedExplanations object at 0xdeadbeef&gt;

<span class=" -Color -Color-Bold">    def test_eq_longer_list(self):</span>
<span class=" -Color -Color-Bold">&gt;       assert [1, 2] == [1, 2, 3]</span>
<span class=" -Color -Color-BoldRed">E       assert [1, 2] == [1, 2, 3]</span>
<span class=" -Color -Color-BoldRed">E         Right contains one more item: 3</span>
<span class=" -Color -Color-BoldRed">E         Use -v to get the full diff</span>

<span class=" -Color -Color-BoldRed">failure_demo.py</span>:78: AssertionError
<span class=" -Color -Color-BoldRed">_________________ TestSpecialisedExplanations.test_in_list _________________</span>

self = &lt;failure_demo.TestSpecialisedExplanations object at 0xdeadbeef&gt;

<span class=" -Color -Color-Bold">    def test_in_list(self):</span>
<span class=" -Color -Color-Bold">&gt;       assert 1 in [0, 2, 3, 4, 5]</span>
<span class=" -Color -Color-BoldRed">E       assert 1 in [0, 2, 3, 4, 5]</span>

<span class=" -Color -Color-BoldRed">failure_demo.py</span>:81: AssertionError
<span class=" -Color -Color-BoldRed">__________ TestSpecialisedExplanations.test_not_in_text_multiline __________</span>

self = &lt;failure_demo.TestSpecialisedExplanations object at 0xdeadbeef&gt;

<span class=" -Color -Color-Bold">    def test_not_in_text_multiline(self):</span>
<span class=" -Color -Color-Bold">        text = &quot;some multiline\ntext\nwhich\nincludes foo\nand a\ntail&quot;</span>
<span class=" -Color -Color-Bold">&gt;       assert &quot;foo&quot; not in text</span>
<span class=" -Color -Color-BoldRed">E       AssertionError: assert &#39;foo&#39; not in &#39;some multiline\ntext\nw...ncludes foo\nand a\ntail&#39;</span>
<span class=" -Color -Color-BoldRed">E         &#39;foo&#39; is contained here:</span>
<span class=" -Color -Color-BoldRed">E           some multiline</span>
<span class=" -Color -Color-BoldRed">E           text</span>
<span class=" -Color -Color-BoldRed">E           which</span>
<span class=" -Color -Color-BoldRed">E           includes foo</span>
<span class=" -Color -Color-BoldRed">E         ?          +++</span>
<span class=" -Color -Color-BoldRed">E           and a...</span>
E
<span class=" -Color -Color-BoldRed">E         ...Full output truncated (2 lines hidden), use &#39;-vv&#39; to show</span>

<span class=" -Color -Color-BoldRed">failure_demo.py</span>:85: AssertionError
<span class=" -Color -Color-BoldRed">___________ TestSpecialisedExplanations.test_not_in_text_single ____________</span>

self = &lt;failure_demo.TestSpecialisedExplanations object at 0xdeadbeef&gt;

<span class=" -Color -Color-Bold">    def test_not_in_text_single(self):</span>
<span class=" -Color -Color-Bold">        text = &quot;single foo line&quot;</span>
<span class=" -Color -Color-Bold">&gt;       assert &quot;foo&quot; not in text</span>
<span class=" -Color -Color-BoldRed">E       AssertionError: assert &#39;foo&#39; not in &#39;single foo line&#39;</span>
<span class=" -Color -Color-BoldRed">E         &#39;foo&#39; is contained here:</span>
<span class=" -Color -Color-BoldRed">E           single foo line</span>
<span class=" -Color -Color-BoldRed">E         ?        +++</span>

<span class=" -Color -Color-BoldRed">failure_demo.py</span>:89: AssertionError
<span class=" -Color -Color-BoldRed">_________ TestSpecialisedExplanations.test_not_in_text_single_long _________</span>

self = &lt;failure_demo.TestSpecialisedExplanations object at 0xdeadbeef&gt;

<span class=" -Color -Color-Bold">    def test_not_in_text_single_long(self):</span>
<span class=" -Color -Color-Bold">        text = &quot;head &quot; * 50 + &quot;foo &quot; + &quot;tail &quot; * 20</span>
<span class=" -Color -Color-Bold">&gt;       assert &quot;foo&quot; not in text</span>
<span class=" -Color -Color-BoldRed">E       AssertionError: assert &#39;foo&#39; not in &#39;head head head head hea...ail tail tail tail tail &#39;</span>
<span class=" -Color -Color-BoldRed">E         &#39;foo&#39; is contained here:</span>
<span class=" -Color -Color-BoldRed">E           head head foo tail tail tail tail tail tail tail tail tail tail tail tail tail tail tail tail tail tail tail tail</span>
<span class=" -Color -Color-BoldRed">E         ?           +++</span>

<span class=" -Color -Color-BoldRed">failure_demo.py</span>:93: AssertionError
<span class=" -Color -Color-BoldRed">______ TestSpecialisedExplanations.test_not_in_text_single_long_term _______</span>

self = &lt;failure_demo.TestSpecialisedExplanations object at 0xdeadbeef&gt;

<span class=" -Color -Color-Bold">    def test_not_in_text_single_long_term(self):</span>
<span class=" -Color -Color-Bold">        text = &quot;head &quot; * 50 + &quot;f&quot; * 70 + &quot;tail &quot; * 20</span>
<span class=" -Color -Color-Bold">&gt;       assert &quot;f&quot; * 70 not in text</span>
<span class=" -Color -Color-BoldRed">E       AssertionError: assert &#39;fffffffffff...ffffffffffff&#39; not in &#39;head head he...l tail tail &#39;</span>
<span class=" -Color -Color-BoldRed">E         &#39;ffffffffffffffffff...fffffffffffffffffff&#39; is contained here:</span>
<span class=" -Color -Color-BoldRed">E           head head fffffffffffffffffffffffffffffffffffffffffffffffffffffffffffffffffffffftail tail tail tail tail tail tail tail tail tail tail tail tail tail tail tail tail tail tail tail</span>
<span class=" -Color -Color-BoldRed">E         ?           ++++++++++++++++++++++++++++++++++++++++++++++++++++++++++++++++++++++</span>

<span class=" -Color -Color-BoldRed">failure_demo.py</span>:97: AssertionError
<span class=" -Color -Color-BoldRed">______________ TestSpecialisedExplanations.test_eq_dataclass _______________</span>

self = &lt;failure_demo.TestSpecialisedExplanations object at 0xdeadbeef&gt;

<span class=" -Color -Color-Bold">    def test_eq_dataclass(self):</span>
<span class=" -Color -Color-Bold">        from dataclasses import dataclass</span>

<span class=" -Color -Color-Bold">        @dataclass</span>
<span class=" -Color -Color-Bold">        class Foo:</span>
<span class=" -Color -Color-Bold">            a: int</span>
<span class=" -Color -Color-Bold">            b: str</span>

<span class=" -Color -Color-Bold">        left = Foo(1, &quot;b&quot;)</span>
<span class=" -Color -Color-Bold">        right = Foo(1, &quot;c&quot;)</span>
<span class=" -Color -Color-Bold">&gt;       assert left == right</span>
<span class=" -Color -Color-BoldRed">E       AssertionError: assert TestSpecialis...oo(a=1, b=&#39;b&#39;) == TestSpecialise...oo(a=1, b=&#39;c&#39;)</span>
<span class=" -Color -Color-BoldRed">E         Omitting 1 identical items, use -vv to show</span>
<span class=" -Color -Color-BoldRed">E         Differing attributes:</span>
<span class=" -Color -Color-BoldRed">E         b: &#39;b&#39; != &#39;c&#39;</span>

<span class=" -Color -Color-BoldRed">failure_demo.py</span>:109: AssertionError
<span class=" -Color -Color-BoldRed">________________ TestSpecialisedExplanations.test_eq_attrs _________________</span>

self = &lt;failure_demo.TestSpecialisedExplanations object at 0xdeadbeef&gt;

<span class=" -Color -Color-Bold">    def test_eq_attrs(self):</span>
<span class=" -Color -Color-Bold">        import attr</span>

<span class=" -Color -Color-Bold">        @attr.s</span>
<span class=" -Color -Color-Bold">        class Foo:</span>
<span class=" -Color -Color-Bold">            a = attr.ib()</span>
<span class=" -Color -Color-Bold">            b = attr.ib()</span>

<span class=" -Color -Color-Bold">        left = Foo(1, &quot;b&quot;)</span>
<span class=" -Color -Color-Bold">        right = Foo(1, &quot;c&quot;)</span>
<span class=" -Color -Color-Bold">&gt;       assert left == right</span>
<span class=" -Color -Color-BoldRed">E       AssertionError: assert Foo(a=1, b=&#39;b&#39;) == Foo(a=1, b=&#39;c&#39;)</span>
<span class=" -Color -Color-BoldRed">E         Omitting 1 identical items, use -vv to show</span>
<span class=" -Color -Color-BoldRed">E         Differing attributes:</span>
<span class=" -Color -Color-BoldRed">E         b: &#39;b&#39; != &#39;c&#39;</span>

<span class=" -Color -Color-BoldRed">failure_demo.py</span>:121: AssertionError
<span class=" -Color -Color-BoldRed">______________________________ test_attribute ______________________________</span>

<span class=" -Color -Color-Bold">    def test_attribute():</span>
<span class=" -Color -Color-Bold">        class Foo:</span>
<span class=" -Color -Color-Bold">            b = 1</span>

<span class=" -Color -Color-Bold">        i = Foo()</span>
<span class=" -Color -Color-Bold">&gt;       assert i.b == 2</span>
<span class=" -Color -Color-BoldRed">E       assert 1 == 2</span>
<span class=" -Color -Color-BoldRed">E        +  where 1 = &lt;failure_demo.test_attribute.&lt;locals&gt;.Foo object at 0xdeadbeef&gt;.b</span>

<span class=" -Color -Color-BoldRed">failure_demo.py</span>:129: AssertionError
<span class=" -Color -Color-BoldRed">_________________________ test_attribute_instance __________________________</span>

<span class=" -Color -Color-Bold">    def test_attribute_instance():</span>
<span class=" -Color -Color-Bold">        class Foo:</span>
<span class=" -Color -Color-Bold">            b = 1</span>

<span class=" -Color -Color-Bold">&gt;       assert Foo().b == 2</span>
<span class=" -Color -Color-BoldRed">E       AssertionError: assert 1 == 2</span>
<span class=" -Color -Color-BoldRed">E        +  where 1 = &lt;failure_demo.test_attribute_instance.&lt;locals&gt;.Foo object at 0xdeadbeef&gt;.b</span>
<span class=" -Color -Color-BoldRed">E        +    where &lt;failure_demo.test_attribute_instance.&lt;locals&gt;.Foo object at 0xdeadbeef&gt; = &lt;class &#39;failure_demo.test_attribute_instance.&lt;locals&gt;.Foo&#39;&gt;()</span>

<span class=" -Color -Color-BoldRed">failure_demo.py</span>:136: AssertionError
<span class=" -Color -Color-BoldRed">__________________________ test_attribute_failure __________________________</span>

<span class=" -Color -Color-Bold">    def test_attribute_failure():</span>
<span class=" -Color -Color-Bold">        class Foo:</span>
<span class=" -Color -Color-Bold">            def _get_b(self):</span>
<span class=" -Color -Color-Bold">                raise Exception(&quot;Failed to get attrib&quot;)</span>

<span class=" -Color -Color-Bold">            b = property(_get_b)</span>

<span class=" -Color -Color-Bold">        i = Foo()</span>
<span class=" -Color -Color-Bold">&gt;       assert i.b == 2</span>

<span class=" -Color -Color-BoldRed">failure_demo.py</span>:147:
<span class=" -Color -Color-BoldRed">_ _ _ _ _ _ _ _ _ _ _ _ _ _ _ _ _ _ _ _ _ _ _ _ _ _ _ _ _ _ _ _ _ _ _ _ _ _</span>

self = &lt;failure_demo.test_attribute_failure.&lt;locals&gt;.Foo object at 0xdeadbeef&gt;

<span class=" -Color -Color-Bold">    def _get_b(self):</span>
<span class=" -Color -Color-Bold">&gt;       raise Exception(&quot;Failed to get attrib&quot;)</span>
<span class=" -Color -Color-BoldRed">E       Exception: Failed to get attrib</span>

<span class=" -Color -Color-BoldRed">failure_demo.py</span>:142: Exception
<span class=" -Color -Color-BoldRed">_________________________ test_attribute_multiple __________________________</span>

<span class=" -Color -Color-Bold">    def test_attribute_multiple():</span>
<span class=" -Color -Color-Bold">        class Foo:</span>
<span class=" -Color -Color-Bold">            b = 1</span>

<span class=" -Color -Color-Bold">        class Bar:</span>
<span class=" -Color -Color-Bold">            b = 2</span>

<span class=" -Color -Color-Bold">&gt;       assert Foo().b == Bar().b</span>
<span class=" -Color -Color-BoldRed">E       AssertionError: assert 1 == 2</span>
<span class=" -Color -Color-BoldRed">E        +  where 1 = &lt;failure_demo.test_attribute_multiple.&lt;locals&gt;.Foo object at 0xdeadbeef&gt;.b</span>
<span class=" -Color -Color-BoldRed">E        +    where &lt;failure_demo.test_attribute_multiple.&lt;locals&gt;.Foo object at 0xdeadbeef&gt; = &lt;class &#39;failure_demo.test_attribute_multiple.&lt;locals&gt;.Foo&#39;&gt;()</span>
<span class=" -Color -Color-BoldRed">E        +  and   2 = &lt;failure_demo.test_attribute_multiple.&lt;locals&gt;.Bar object at 0xdeadbeef&gt;.b</span>
<span class=" -Color -Color-BoldRed">E        +    where &lt;failure_demo.test_attribute_multiple.&lt;locals&gt;.Bar object at 0xdeadbeef&gt; = &lt;class &#39;failure_demo.test_attribute_multiple.&lt;locals&gt;.Bar&#39;&gt;()</span>

<span class=" -Color -Color-BoldRed">failure_demo.py</span>:157: AssertionError
<span class=" -Color -Color-BoldRed">__________________________ TestRaises.test_raises __________________________</span>

self = &lt;failure_demo.TestRaises object at 0xdeadbeef&gt;

<span class=" -Color -Color-Bold">    def test_raises(self):</span>
<span class=" -Color -Color-Bold">        s = &quot;qwe&quot;</span>
<span class=" -Color -Color-Bold">&gt;       raises(TypeError, int, s)</span>
<span class=" -Color -Color-BoldRed">E       ValueError: invalid literal for int() with base 10: &#39;qwe&#39;</span>

<span class=" -Color -Color-BoldRed">failure_demo.py</span>:167: ValueError
<span class=" -Color -Color-BoldRed">______________________ TestRaises.test_raises_doesnt _______________________</span>

self = &lt;failure_demo.TestRaises object at 0xdeadbeef&gt;

<span class=" -Color -Color-Bold">    def test_raises_doesnt(self):</span>
<span class=" -Color -Color-Bold">&gt;       raises(IOError, int, &quot;3&quot;)</span>
<span class=" -Color -Color-BoldRed">E       Failed: DID NOT RAISE &lt;class &#39;OSError&#39;&gt;</span>

<span class=" -Color -Color-BoldRed">failure_demo.py</span>:170: Failed
<span class=" -Color -Color-BoldRed">__________________________ TestRaises.test_raise ___________________________</span>

self = &lt;failure_demo.TestRaises object at 0xdeadbeef&gt;

<span class=" -Color -Color-Bold">    def test_raise(self):</span>
<span class=" -Color -Color-Bold">&gt;       raise ValueError(&quot;demo error&quot;)</span>
<span class=" -Color -Color-BoldRed">E       ValueError: demo error</span>

<span class=" -Color -Color-BoldRed">failure_demo.py</span>:173: ValueError
<span class=" -Color -Color-BoldRed">________________________ TestRaises.test_tupleerror ________________________</span>

self = &lt;failure_demo.TestRaises object at 0xdeadbeef&gt;

<span class=" -Color -Color-Bold">    def test_tupleerror(self):</span>
<span class=" -Color -Color-Bold">&gt;       a, b = [1]  # NOQA</span>
<span class=" -Color -Color-BoldRed">E       ValueError: not enough values to unpack (expected 2, got 1)</span>

<span class=" -Color -Color-BoldRed">failure_demo.py</span>:176: ValueError
<span class=" -Color -Color-BoldRed">______ TestRaises.test_reinterpret_fails_with_print_for_the_fun_of_it ______</span>

self = &lt;failure_demo.TestRaises object at 0xdeadbeef&gt;

<span class=" -Color -Color-Bold">    def test_reinterpret_fails_with_print_for_the_fun_of_it(self):</span>
<span class=" -Color -Color-Bold">        items = [1, 2, 3]</span>
<span class=" -Color -Color-Bold">        print(&quot;items is %r&quot; % items)</span>
<span class=" -Color -Color-Bold">&gt;       a, b = items.pop()</span>
<span class=" -Color -Color-BoldRed">E       TypeError: &#39;int&#39; object is not iterable</span>

<span class=" -Color -Color-BoldRed">failure_demo.py</span>:181: TypeError
--------------------------- Captured stdout call ---------------------------
items is [1, 2, 3]
<span class=" -Color -Color-BoldRed">________________________ TestRaises.test_some_error ________________________</span>

self = &lt;failure_demo.TestRaises object at 0xdeadbeef&gt;

<span class=" -Color -Color-Bold">    def test_some_error(self):</span>
<span class=" -Color -Color-Bold">&gt;       if namenotexi:  # NOQA</span>
<span class=" -Color -Color-BoldRed">E       NameError: name &#39;namenotexi&#39; is not defined</span>

<span class=" -Color -Color-BoldRed">failure_demo.py</span>:184: NameError
<span class=" -Color -Color-BoldRed">____________________ test_dynamic_compile_shows_nicely _____________________</span>

<span class=" -Color -Color-Bold">    def test_dynamic_compile_shows_nicely():</span>
<span class=" -Color -Color-Bold">        import importlib.util</span>
<span class=" -Color -Color-Bold">        import sys</span>

<span class=" -Color -Color-Bold">        src = &quot;def foo():\n assert 1 == 0\n&quot;</span>
<span class=" -Color -Color-Bold">        name = &quot;abc-123&quot;</span>
<span class=" -Color -Color-Bold">        spec = importlib.util.spec_from_loader(name, loader=None)</span>
<span class=" -Color -Color-Bold">        module = importlib.util.module_from_spec(spec)</span>
<span class=" -Color -Color-Bold">        code = _pytest._code.compile(src, name, &quot;exec&quot;)</span>
<span class=" -Color -Color-Bold">        exec(code, module.__dict__)</span>
<span class=" -Color -Color-Bold">        sys.modules[name] = module</span>
<span class=" -Color -Color-Bold">&gt;       module.foo()</span>

<span class=" -Color -Color-BoldRed">failure_demo.py</span>:203:
<span class=" -Color -Color-BoldRed">_ _ _ _ _ _ _ _ _ _ _ _ _ _ _ _ _ _ _ _ _ _ _ _ _ _ _ _ _ _ _ _ _ _ _ _ _ _</span>

<span class=" -Color -Color-Bold">    def foo():</span>
<span class=" -Color -Color-Bold">&gt;    assert 1 == 0</span>
<span class=" -Color -Color-BoldRed">E    AssertionError</span>

<span class=" -Color -Color-BoldRed">&lt;0-codegen &#39;abc-123&#39; $REGENDOC_TMPDIR/assertion/failure_demo.py:200&gt;</span>:2: AssertionError
<span class=" -Color -Color-BoldRed">____________________ TestMoreErrors.test_complex_error _____________________</span>

self = &lt;failure_demo.TestMoreErrors object at 0xdeadbeef&gt;

<span class=" -Color -Color-Bold">    def test_complex_error(self):</span>
<span class=" -Color -Color-Bold">        def f():</span>
<span class=" -Color -Color-Bold">            return 44</span>

<span class=" -Color -Color-Bold">        def g():</span>
<span class=" -Color -Color-Bold">            return 43</span>

<span class=" -Color -Color-Bold">&gt;       somefunc(f(), g())</span>

<span class=" -Color -Color-BoldRed">failure_demo.py</span>:214:
<span class=" -Color -Color-BoldRed">_ _ _ _ _ _ _ _ _ _ _ _ _ _ _ _ _ _ _ _ _ _ _ _ _ _ _ _ _ _ _ _ _ _ _ _ _ _</span>
<span class=" -Color -Color-BoldRed">failure_demo.py</span>:11: in somefunc
<span class=" -Color -Color-Bold">    otherfunc(x, y)</span>
<span class=" -Color -Color-BoldRed">_ _ _ _ _ _ _ _ _ _ _ _ _ _ _ _ _ _ _ _ _ _ _ _ _ _ _ _ _ _ _ _ _ _ _ _ _ _</span>

a = 44, b = 43

<span class=" -Color -Color-Bold">    def otherfunc(a, b):</span>
<span class=" -Color -Color-Bold">&gt;       assert a == b</span>
<span class=" -Color -Color-BoldRed">E       assert 44 == 43</span>

<span class=" -Color -Color-BoldRed">failure_demo.py</span>:7: AssertionError
<span class=" -Color -Color-BoldRed">___________________ TestMoreErrors.test_z1_unpack_error ____________________</span>

self = &lt;failure_demo.TestMoreErrors object at 0xdeadbeef&gt;

<span class=" -Color -Color-Bold">    def test_z1_unpack_error(self):</span>
<span class=" -Color -Color-Bold">        items = []</span>
<span class=" -Color -Color-Bold">&gt;       a, b = items</span>
<span class=" -Color -Color-BoldRed">E       ValueError: not enough values to unpack (expected 2, got 0)</span>

<span class=" -Color -Color-BoldRed">failure_demo.py</span>:218: ValueError
<span class=" -Color -Color-BoldRed">____________________ TestMoreErrors.test_z2_type_error _____________________</span>

self = &lt;failure_demo.TestMoreErrors object at 0xdeadbeef&gt;

<span class=" -Color -Color-Bold">    def test_z2_type_error(self):</span>
<span class=" -Color -Color-Bold">        items = 3</span>
<span class=" -Color -Color-Bold">&gt;       a, b = items</span>
<span class=" -Color -Color-BoldRed">E       TypeError: &#39;int&#39; object is not iterable</span>

<span class=" -Color -Color-BoldRed">failure_demo.py</span>:222: TypeError
<span class=" -Color -Color-BoldRed">______________________ TestMoreErrors.test_startswith ______________________</span>

self = &lt;failure_demo.TestMoreErrors object at 0xdeadbeef&gt;

<span class=" -Color -Color-Bold">    def test_startswith(self):</span>
<span class=" -Color -Color-Bold">        s = &quot;123&quot;</span>
<span class=" -Color -Color-Bold">        g = &quot;456&quot;</span>
<span class=" -Color -Color-Bold">&gt;       assert s.startswith(g)</span>
<span class=" -Color -Color-BoldRed">E       AssertionError: assert False</span>
<span class=" -Color -Color-BoldRed">E        +  where False = &lt;built-in method startswith of str object at 0xdeadbeef&gt;(&#39;456&#39;)</span>
<span class=" -Color -Color-BoldRed">E        +    where &lt;built-in method startswith of str object at 0xdeadbeef&gt; = &#39;123&#39;.startswith</span>

<span class=" -Color -Color-BoldRed">failure_demo.py</span>:227: AssertionError
<span class=" -Color -Color-BoldRed">__________________ TestMoreErrors.test_startswith_nested ___________________</span>

self = &lt;failure_demo.TestMoreErrors object at 0xdeadbeef&gt;

<span class=" -Color -Color-Bold">    def test_startswith_nested(self):</span>
<span class=" -Color -Color-Bold">        def f():</span>
<span class=" -Color -Color-Bold">            return &quot;123&quot;</span>

<span class=" -Color -Color-Bold">        def g():</span>
<span class=" -Color -Color-Bold">            return &quot;456&quot;</span>

<span class=" -Color -Color-Bold">&gt;       assert f().startswith(g())</span>
<span class=" -Color -Color-BoldRed">E       AssertionError: assert False</span>
<span class=" -Color -Color-BoldRed">E        +  where False = &lt;built-in method startswith of str object at 0xdeadbeef&gt;(&#39;456&#39;)</span>
<span class=" -Color -Color-BoldRed">E        +    where &lt;built-in method startswith of str object at 0xdeadbeef&gt; = &#39;123&#39;.startswith</span>
<span class=" -Color -Color-BoldRed">E        +      where &#39;123&#39; = &lt;function TestMoreErrors.test_startswith_nested.&lt;locals&gt;.f at 0xdeadbeef&gt;()</span>
<span class=" -Color -Color-BoldRed">E        +    and   &#39;456&#39; = &lt;function TestMoreErrors.test_startswith_nested.&lt;locals&gt;.g at 0xdeadbeef&gt;()</span>

<span class=" -Color -Color-BoldRed">failure_demo.py</span>:236: AssertionError
<span class=" -Color -Color-BoldRed">_____________________ TestMoreErrors.test_global_func ______________________</span>

self = &lt;failure_demo.TestMoreErrors object at 0xdeadbeef&gt;

<span class=" -Color -Color-Bold">    def test_global_func(self):</span>
<span class=" -Color -Color-Bold">&gt;       assert isinstance(globf(42), float)</span>
<span class=" -Color -Color-BoldRed">E       assert False</span>
<span class=" -Color -Color-BoldRed">E        +  where False = isinstance(43, float)</span>
<span class=" -Color -Color-BoldRed">E        +    where 43 = globf(42)</span>

<span class=" -Color -Color-BoldRed">failure_demo.py</span>:239: AssertionError
<span class=" -Color -Color-BoldRed">_______________________ TestMoreErrors.test_instance _______________________</span>

self = &lt;failure_demo.TestMoreErrors object at 0xdeadbeef&gt;

<span class=" -Color -Color-Bold">    def test_instance(self):</span>
<span class=" -Color -Color-Bold">        self.x = 6 * 7</span>
<span class=" -Color -Color-Bold">&gt;       assert self.x != 42</span>
<span class=" -Color -Color-BoldRed">E       assert 42 != 42</span>
<span class=" -Color -Color-BoldRed">E        +  where 42 = &lt;failure_demo.TestMoreErrors object at 0xdeadbeef&gt;.x</span>

<span class=" -Color -Color-BoldRed">failure_demo.py</span>:243: AssertionError
<span class=" -Color -Color-BoldRed">_______________________ TestMoreErrors.test_compare ________________________</span>

self = &lt;failure_demo.TestMoreErrors object at 0xdeadbeef&gt;

<span class=" -Color -Color-Bold">    def test_compare(self):</span>
<span class=" -Color -Color-Bold">&gt;       assert globf(10) &lt; 5</span>
<span class=" -Color -Color-BoldRed">E       assert 11 &lt; 5</span>
<span class=" -Color -Color-BoldRed">E        +  where 11 = globf(10)</span>

<span class=" -Color -Color-BoldRed">failure_demo.py</span>:246: AssertionError
<span class=" -Color -Color-BoldRed">_____________________ TestMoreErrors.test_try_finally ______________________</span>

self = &lt;failure_demo.TestMoreErrors object at 0xdeadbeef&gt;

<span class=" -Color -Color-Bold">    def test_try_finally(self):</span>
<span class=" -Color -Color-Bold">        x = 1</span>
<span class=" -Color -Color-Bold">        try:</span>
<span class=" -Color -Color-Bold">&gt;           assert x == 0</span>
<span class=" -Color -Color-BoldRed">E           assert 1 == 0</span>

<span class=" -Color -Color-BoldRed">failure_demo.py</span>:251: AssertionError
<span class=" -Color -Color-BoldRed">___________________ TestCustomAssertMsg.test_single_line ___________________</span>

self = &lt;failure_demo.TestCustomAssertMsg object at 0xdeadbeef&gt;

<span class=" -Color -Color-Bold">    def test_single_line(self):</span>
<span class=" -Color -Color-Bold">        class A:</span>
<span class=" -Color -Color-Bold">            a = 1</span>

<span class=" -Color -Color-Bold">        b = 2</span>
<span class=" -Color -Color-Bold">&gt;       assert A.a == b, &quot;A.a appears not to be b&quot;</span>
<span class=" -Color -Color-BoldRed">E       AssertionError: A.a appears not to be b</span>
<span class=" -Color -Color-BoldRed">E       assert 1 == 2</span>
<span class=" -Color -Color-BoldRed">E        +  where 1 = &lt;class &#39;failure_demo.TestCustomAssertMsg.test_single_line.&lt;locals&gt;.A&#39;&gt;.a</span>

<span class=" -Color -Color-BoldRed">failure_demo.py</span>:262: AssertionError
<span class=" -Color -Color-BoldRed">____________________ TestCustomAssertMsg.test_multiline ____________________</span>

self = &lt;failure_demo.TestCustomAssertMsg object at 0xdeadbeef&gt;

<span class=" -Color -Color-Bold">    def test_multiline(self):</span>
<span class=" -Color -Color-Bold">        class A:</span>
<span class=" -Color -Color-Bold">            a = 1</span>

<span class=" -Color -Color-Bold">        b = 2</span>
<span class=" -Color -Color-Bold">&gt;       assert (</span>
<span class=" -Color -Color-Bold">            A.a == b</span>
<span class=" -Color -Color-Bold">        ), &quot;A.a appears not to be b\nor does not appear to be b\none of those&quot;</span>
<span class=" -Color -Color-BoldRed">E       AssertionError: A.a appears not to be b</span>
<span class=" -Color -Color-BoldRed">E         or does not appear to be b</span>
<span class=" -Color -Color-BoldRed">E         one of those</span>
<span class=" -Color -Color-BoldRed">E       assert 1 == 2</span>
<span class=" -Color -Color-BoldRed">E        +  where 1 = &lt;class &#39;failure_demo.TestCustomAssertMsg.test_multiline.&lt;locals&gt;.A&#39;&gt;.a</span>

<span class=" -Color -Color-BoldRed">failure_demo.py</span>:269: AssertionError
<span class=" -Color -Color-BoldRed">___________________ TestCustomAssertMsg.test_custom_repr ___________________</span>

self = &lt;failure_demo.TestCustomAssertMsg object at 0xdeadbeef&gt;

<span class=" -Color -Color-Bold">    def test_custom_repr(self):</span>
<span class=" -Color -Color-Bold">        class JSON:</span>
<span class=" -Color -Color-Bold">            a = 1</span>

<span class=" -Color -Color-Bold">            def __repr__(self):</span>
<span class=" -Color -Color-Bold">                return &quot;This is JSON\n{\n  &#39;foo&#39;: &#39;bar&#39;\n}&quot;</span>

<span class=" -Color -Color-Bold">        a = JSON()</span>
<span class=" -Color -Color-Bold">        b = 2</span>
<span class=" -Color -Color-Bold">&gt;       assert a.a == b, a</span>
<span class=" -Color -Color-BoldRed">E       AssertionError: This is JSON</span>
<span class=" -Color -Color-BoldRed">E         {</span>
<span class=" -Color -Color-BoldRed">E           &#39;foo&#39;: &#39;bar&#39;</span>
<span class=" -Color -Color-BoldRed">E         }</span>
<span class=" -Color -Color-BoldRed">E       assert 1 == 2</span>
<span class=" -Color -Color-BoldRed">E        +  where 1 = This is JSON\n{\n  &#39;foo&#39;: &#39;bar&#39;\n}.a</span>

<span class=" -Color -Color-BoldRed">failure_demo.py</span>:282: AssertionError
<span class=" -Color -Color-BoldRed">======================== 44 failed in 0.12 seconds =========================</span>
</pre></div>
</div>
</div>


          </div>
        </div>
      </div>
      <div class="sphinxsidebar" role="navigation" aria-label="main navigation">
        <div class="sphinxsidebarwrapper">
            <p class="logo"><a href="../contents.html">
              <img class="logo" src="../_static/pytest1.png" alt="Logo"/>
            </a></p>
<div id="searchbox" style="display: none" role="search">
  <div class="searchformwrapper">
    <form class="search" action="../search.html" method="get">
      <input type="text" name="q" aria-labelledby="searchlabel"
        placeholder="Search"/>
      <input type="submit" value="Go" />
    </form>
  </div>
</div>
<script type="text/javascript">$('#searchbox').show(0);</script><h3><a href="../contents.html">Table Of Contents</a></h3>

<ul>
  <li><a href="../index.html">Home</a></li>
  <li><a href="../getting-started.html">Install</a></li>
  <li><a href="../contents.html">Contents</a></li>
  <li><a href="../reference.html">API Reference</a></li>
  <li><a href="index.html">Examples</a></li>
  <li><a href="../customize.html">Customize</a></li>
  <li><a href="../changelog.html">Changelog</a></li>
  <li><a href="../contributing.html">Contributing</a></li>
  <li><a href="../backwards-compatibility.html">Backwards Compatibility</a></li>
  <li><a href="../py27-py34-deprecation.html">Python 2.7 and 3.4 Support</a></li>
  <li><a href="../sponsor.html">Sponsor</a></li>
  <li><a href="../license.html">License</a></li>
  <li><a href="../contact.html">Contact Channels</a></li>
</ul><h3>Related Topics</h3>
<ul>
  <li><a href="../contents.html">Documentation overview</a><ul>
  <li><a href="index.html">Examples and customization tricks</a><ul>
      <li>Previous: <a href="index.html" title="previous chapter">Examples and customization tricks</a></li>
      <li>Next: <a href="simple.html" title="next chapter">Basic patterns and examples</a></li>
  </ul></li>
  </ul></li>
</ul><h3>Useful Links</h3>
<ul>
  <li><a href="https://pypi.org/project/pytest/">pytest @ PyPI</a></li>
  <li><a href="https://github.com/pytest-dev/pytest/">pytest @ GitHub</a></li>
  <li><a href="http://plugincompat.herokuapp.com/">3rd party plugins</a></li>
  <li><a href="https://github.com/pytest-dev/pytest/issues">Issue Tracker</a></li>
  <li><a href="https://media.readthedocs.org/pdf/pytest/latest/pytest.pdf">PDF Documentation</a>
</ul>
        </div>
      </div>
      <div class="clearer"></div>
    </div>

  <div class="footer">
    &copy; Copyright 2015–2019, holger krekel and pytest-dev team.
    Created using <a href="https://www.sphinx-doc.org/">Sphinx</a> 2.1.2.
  </div>
  
<script type="text/javascript">

  var _gaq = _gaq || [];
  _gaq.push(['_setAccount', 'UA-7597274-13']);
  _gaq.push(['_trackPageview']);

  (function() {
    var ga = document.createElement('script'); ga.type = 'text/javascript'; ga.async = true;
    ga.src = ('https:' == document.location.protocol ? 'https://ssl' : 'http://www') + '.google-analytics.com/ga.js';
    var s = document.getElementsByTagName('script')[0]; s.parentNode.insertBefore(ga, s);
  })();

</script>

  </body>
</html>